<?xml version="1.0" encoding="UTF-8"?>
<!-- Generated by org.testng.reporters.JUnitReportReporter -->
<testsuite hostname="L-SJC-00564834" name="com.testworldweb.webdriver.WebDriverExample" tests="1" failures="0" timestamp="26 Aug 2015 12:41:33 GMT" time="13.228" errors="0">
  <testcase name="testGoogleSearch" time="13.228" classname="com.testworldweb.webdriver.WebDriverExample"/>
</testsuite> <!-- com.testworldweb.webdriver.WebDriverExample -->
