<?xml version="1.0" encoding="UTF-8"?>
<!-- Generated by org.testng.reporters.JUnitReportReporter -->
<testsuite hostname="L-SJC-00564834" name="com.testworldweb.zohotest.TestCases" tests="1" failures="0" timestamp="26 Aug 2015 12:04:10 GMT" time="113.780" errors="0">
  <testcase name="testPostSeenBySubordinate" time="113.780" classname="com.testworldweb.zohotest.TestCases"/>
</testsuite> <!-- com.testworldweb.zohotest.TestCases -->
